<?xml version="1.0" encoding="UTF-8"?>
<testng-results ignored="0" total="1" passed="1" failed="0" skipped="0">
  <reporter-output>
  </reporter-output>
  <suite started-at="2023-11-10T15:50:18 IST" name="Default suite" finished-at="2023-11-10T15:50:18 IST" duration-ms="111">
    <groups>
    </groups>
    <test started-at="2023-11-10T15:50:18 IST" name="Default test" finished-at="2023-11-10T15:50:18 IST" duration-ms="111">
      <class name="utility.BasicCalculator">
        <test-method signature="sum()[pri:0, instance:utility.BasicCalculator@3381b4fc]" started-at="2023-11-10T15:50:18 IST" name="sum" finished-at="2023-11-10T15:50:18 IST" duration-ms="19" status="PASS">
          <reporter-output>
          </reporter-output>
        </test-method> <!-- sum -->
      </class> <!-- utility.BasicCalculator -->
    </test> <!-- Default test -->
  </suite> <!-- Default suite -->
</testng-results>
